<?xml version="1.0" encoding="UTF-8"?>
<!-- Generated by org.testng.reporters.JUnitReportReporter -->
<testsuite hostname="LAPTOP-G1RS2ILA" failures="0" tests="1" name="RestAssured.restapitest" time="1.851" errors="0" timestamp="2022-08-04T12:42:42 IST" skipped="0">
  <testcase classname="RestAssured.restapitest" name="apitest" time="1.851"/>
  <system-out/>
</testsuite> <!-- RestAssured.restapitest -->
