<?xml version="1.0" encoding="UTF-8"?>
<!-- Generated by org.testng.reporters.JUnitReportReporter -->
<testsuite hostname="LAPTOP-G1RS2ILA" failures="0" tests="1" name="RestAssured.AppTest" time="1.680" errors="0" timestamp="2022-07-10T15:02:07 IST" skipped="0">
  <testcase classname="RestAssured.AppTest" name="appTest" time="1.680"/>
  <system-out/>
</testsuite> <!-- RestAssured.AppTest -->
